<?xml version="1.0" encoding="UTF-8" ?>
<testsuite errors="0" failures="0" hostname="MBPJJRZ" name="MyUrlMappingTests" tests="1" time="0.196" timestamp="2009-03-04T23:53:17">
  <properties />
  <testcase classname="MyUrlMappingTests" name="testHome" time="0.14" />
  <system-out><![CDATA[--Output from testHome--
]]></system-out>
  <system-err><![CDATA[--Output from testHome--
]]></system-err>
</testsuite>
